HGE Started..

HGE version: 1.80
Date: 13.02.2022, 17:58:54

Application: HGE
OS: Windows 6.2.9200
Memory: 2097151K total, 2097151K free

D3D Driver: nvldumd.dll
Description: NVIDIA GeForce RTX 2060 SUPER
Version: 30.0.14.9729
Can't find appropriate full screen video mode
Mode: 320 x 200 x UNKNOWN

Init done.


Texture Assembler v0.1
Copyright (C) 2003-2008, Relish Games


Can't load resource: *
Can't create texture
Can't load texture: B52_18.fnt

Can't create texture
Can't load texture: B52_26.fnt

Can't create texture
Can't load texture: courier.fnt

Can't create texture
Can't load texture: courier_28.fnt

Can't create texture
Can't load texture: dinpro_10_med.fnt

Can't create texture
Can't load texture: dinpro_14_bold.fnt

Can't create texture
Can't load texture: dinpro_14_med.fnt

Can't create texture
Can't load texture: dinpro_14_reg.fnt

Can't create texture
Can't load texture: dinpro_16_med.fnt

Can't create texture
Can't load texture: dinpro_18_black.fnt

Can't create texture
Can't load texture: dinpro_18_black_shadow.fnt

Can't create texture
Can't load texture: dinpro_18_med.fnt

Can't create texture
Can't load texture: dinpro_200_black.fnt

Can't create texture
Can't load texture: dinpro_20_black.fnt

Can't create texture
Can't load texture: dinpro_20_bold.fnt

Can't create texture
Can't load texture: dinpro_20_reg.fnt

Can't create texture
Can't load texture: dinpro_25_bold.fnt

Can't create texture
Can't load texture: dinpro_25_bold_blured.fnt

Can't create texture
Can't load texture: dinpro_30_black.fnt

Can't create texture
Can't load texture: dinpro_30_reg.fnt

Can't create texture
Can't load texture: dinpro_32_bold.fnt

Can't create texture
Can't load texture: dinpro_45_black.fnt

Can't create texture
Can't load texture: dinpro_48_black.fnt

Can't create texture
Can't load texture: dinpro_48_black_blured.fnt

Can't create texture
Can't load texture: elizabeth_16.fnt

Can't create texture
Can't load texture: fixed_16.fnt

Can't create texture
Can't load texture: fixed_20.fnt

Can't create texture
Can't load texture: fixed_50.fnt

Can't create texture
Can't load texture: flash_large.fnt

Can't create texture
Can't load texture: flash_large_shadow.fnt

Can't create texture
Can't load texture: flash_large_shadow_special.fnt

Can't create texture
Can't load texture: flash_small.fnt

Can't create texture
Can't load texture: fonts.res

Can't create texture
Can't load texture: fun_crayon.fnt

Can't create texture
Can't load texture: georgia_15.fnt

Can't create texture
Can't load texture: hge.dll

Can't create texture
Can't load texture: impact_18.fnt

Can't create texture
Can't load texture: impact_24.fnt

Can't create texture
Can't load texture: myriad_10.fnt

Can't create texture
Can't load texture: myriad_15.fnt

Can't create texture
Can't load texture: myriad_40.fnt

Can't create texture
Can't load texture: nixies_30.fnt

Can't create texture
Can't load texture: olga_24.fnt

Can't create texture
Can't load texture: pollock2_52.fnt

Can't create texture
Can't load texture: pollock_100.fnt

Can't create texture
Can't load texture: pollock_20.fnt

Can't create texture
Can't load texture: pollock_30.fnt

Can't create texture
Can't load texture: pollock_38.fnt

Can't create texture
Can't load texture: pollock_52.fnt

Can't create texture
Can't load texture: pollock_60.fnt

Can't create texture
Can't load texture: pollock_80.fnt

Can't create texture
Can't load texture: radio_20.fnt

Can't create texture
Can't load texture: son_45_blured.fnt

Can't create texture
Can't load texture: sourcepro_14_bold.fnt

Can't create texture
Can't load texture: texasm.exe

Can't create texture
Can't load texture: texasm.log

Can't create texture
Can't load texture: vcr_12.fnt

Can't create texture
Can't load texture: vcr_14.fnt

Can't create texture
Can't load texture: vcr_16.fnt

Can't create texture
Can't load texture: vcr_21.fnt

Can't create texture
Can't load texture: vcr_30.fnt

Can't create texture
Can't load texture: vcr_40.fnt

Texture 1 ... 
57 object(s) placed.

Texture 2 ... 
1 object(s) placed.


Success.


Finishing..
The End.
